  GameOfHexOnline.cpp
C:\Users\bryan_ni\Downloads\GameOfHex-main\GameOfHex-main_bk2\GameOfHex-main\MonteCarloSimulation\GameOfHex\GameOfHexOnline\HexGameComponent.h(643,1): warning C4267: '引數': 將 'size_t' 轉換為 '_Ty'，資料可能遺失
          with
          [
              _Ty=int
          ]
C:\Users\bryan_ni\Downloads\GameOfHex-main\GameOfHex-main_bk2\GameOfHex-main\MonteCarloSimulation\GameOfHex\GameOfHexOnline\HexGameComponent.h(682,13): warning C4244: '引數': 將 'time_t' 轉換為 'unsigned int'，由於類型不同，可能導致資料遺失
C:\Users\bryan_ni\Downloads\GameOfHex-main\GameOfHex-main_bk2\GameOfHex-main\MonteCarloSimulation\GameOfHex\GameOfHexOnline\HexGameComponent.h(693,1): warning C4267: '正在初始化': 將 'size_t' 轉換為 'int'，資料可能遺失
C:\Users\bryan_ni\Downloads\GameOfHex-main\GameOfHex-main_bk2\GameOfHex-main\MonteCarloSimulation\GameOfHex\GameOfHexOnline\HexGameComponent.h(787,10): warning C4244: '正在初始化': 將 'double' 轉換為 'int'，由於類型不同，可能導致資料遺失
C:\Users\bryan_ni\Downloads\GameOfHex-main\GameOfHex-main_bk2\GameOfHex-main\MonteCarloSimulation\GameOfHex\GameOfHexOnline\HexGameComponent.h(788,10): warning C4244: '正在初始化': 將 'double' 轉換為 'int'，由於類型不同，可能導致資料遺失
C:\Users\bryan_ni\Downloads\GameOfHex-main\GameOfHex-main_bk2\GameOfHex-main\MonteCarloSimulation\GameOfHex\GameOfHexOnline\HexGameComponent.h(789,10): warning C4244: '正在初始化': 將 'double' 轉換為 'int'，由於類型不同，可能導致資料遺失
C:\Users\bryan_ni\Downloads\GameOfHex-main\GameOfHex-main_bk2\GameOfHex-main\MonteCarloSimulation\GameOfHex\GameOfHexOnline\HexGameComponent.h(811,1): warning C4267: '正在初始化': 將 'size_t' 轉換為 'int'，資料可能遺失
C:\Users\bryan_ni\Downloads\GameOfHex-main\GameOfHex-main_bk2\GameOfHex-main\MonteCarloSimulation\GameOfHex\GameOfHexOnline\HexGameComponent.h(896,28): warning C4101: 'rslt': 未參考的區域變數
C:\Users\bryan_ni\Downloads\GameOfHex-main\GameOfHex-main_bk2\GameOfHex-main\MonteCarloSimulation\GameOfHex\GameOfHexOnline\GameOfHexOnline.cpp(67,1): warning C4267: '引數': 將 'size_t' 轉換為 'int'，資料可能遺失
C:\Users\bryan_ni\Downloads\GameOfHex-main\GameOfHex-main_bk2\GameOfHex-main\MonteCarloSimulation\GameOfHex\GameOfHexOnline\GameOfHexOnline.cpp(72,1): warning C4267: '引數': 將 'size_t' 轉換為 'int'，資料可能遺失
C:\Users\bryan_ni\Downloads\GameOfHex-main\GameOfHex-main_bk2\GameOfHex-main\MonteCarloSimulation\GameOfHex\GameOfHexOnline\GameOfHexOnline.cpp(81,1): warning C4267: '引數': 將 'size_t' 轉換為 'int'，資料可能遺失
C:\Users\bryan_ni\Downloads\GameOfHex-main\GameOfHex-main_bk2\GameOfHex-main\MonteCarloSimulation\GameOfHex\GameOfHexOnline\GameOfHexOnline.cpp(85,1): warning C4267: '引數': 將 'size_t' 轉換為 'int'，資料可能遺失
C:\Users\bryan_ni\Downloads\GameOfHex-main\GameOfHex-main_bk2\GameOfHex-main\MonteCarloSimulation\GameOfHex\GameOfHexOnline\GameOfHexOnline.cpp(89,1): warning C4267: '引數': 將 'size_t' 轉換為 'int'，資料可能遺失
C:\Users\bryan_ni\Downloads\GameOfHex-main\GameOfHex-main_bk2\GameOfHex-main\MonteCarloSimulation\GameOfHex\GameOfHexOnline\GameOfHexOnline.cpp(127,1): warning C4267: '引數': 將 'size_t' 轉換為 'int'，資料可能遺失
C:\Users\bryan_ni\Downloads\GameOfHex-main\GameOfHex-main_bk2\GameOfHex-main\MonteCarloSimulation\GameOfHex\GameOfHexOnline\GameOfHexOnline.cpp(128,1): warning C4267: '引數': 將 'size_t' 轉換為 'int'，資料可能遺失
C:\Users\bryan_ni\Downloads\GameOfHex-main\GameOfHex-main_bk2\GameOfHex-main\MonteCarloSimulation\GameOfHex\GameOfHexOnline\GameOfHexOnline.cpp(244,1): warning C4267: '引數': 將 'size_t' 轉換為 'int'，資料可能遺失
C:\Users\bryan_ni\Downloads\GameOfHex-main\GameOfHex-main_bk2\GameOfHex-main\MonteCarloSimulation\GameOfHex\GameOfHexOnline\GameOfHexOnline.cpp(364,16): warning C4101: 'client': 未參考的區域變數
C:\Users\bryan_ni\Downloads\GameOfHex-main\GameOfHex-main_bk2\GameOfHex-main\MonteCarloSimulation\GameOfHex\GameOfHexOnline\GameOfHexOnline.cpp(274,13): warning C4101: 'iSendResult': 未參考的區域變數
C:\Users\bryan_ni\Downloads\GameOfHex-main\GameOfHex-main_bk2\GameOfHex-main\MonteCarloSimulation\GameOfHex\GameOfHexOnline\GameOfHexOnline.cpp(445,36): warning C4267: '=': 將 'size_t' 轉換為 'int'，資料可能遺失
  GameOfHexOnline.vcxproj -> C:\Users\bryan_ni\Downloads\GameOfHex-main\GameOfHex-main_bk2\GameOfHex-main\MonteCarloSimulation\GameOfHex\x64\Debug\GameOfHexOnline.exe
